#! /usr/bin/vvp
:ivl_version "10.2 (stable)";
:ivl_delay_selection "TYPICAL";
:vpi_time_precision + 0;
:vpi_module "system";
:vpi_module "vhdl_sys";
:vpi_module "v2005_math";
:vpi_module "va_math";
S_0x8fe670 .scope module, "counter_4" "counter_4" 2 1;
 .timescale 0 0;
    .port_info 0 /INPUT 1 "clk"
    .port_info 1 /INPUT 1 "direc"
    .port_info 2 /INPUT 1 "rst"
    .port_info 3 /OUTPUT 4 "counter"
L_0x9108e0 .functor BUFZ 4, v0x9104c0_0, C4<0000>, C4<0000>, C4<0000>;
o0x7f49cc9d9018 .functor BUFZ 1, C4<z>; HiZ drive
v0x8fe7f0_0 .net "clk", 0 0, o0x7f49cc9d9018;  0 drivers
v0x9104c0_0 .var "count", 3 0;
v0x9105a0_0 .net "counter", 3 0, L_0x9108e0;  1 drivers
o0x7f49cc9d90a8 .functor BUFZ 1, C4<z>; HiZ drive
v0x910690_0 .net "direc", 0 0, o0x7f49cc9d90a8;  0 drivers
o0x7f49cc9d90d8 .functor BUFZ 1, C4<z>; HiZ drive
v0x910750_0 .net "rst", 0 0, o0x7f49cc9d90d8;  0 drivers
E_0x8ff700 .event edge, v0x8fe7f0_0, v0x910690_0, v0x910750_0;
    .scope S_0x8fe670;
T_0 ;
    %pushi/vec4 0, 0, 4;
    %store/vec4 v0x9104c0_0, 0, 4;
    %end;
    .thread T_0;
    .scope S_0x8fe670;
T_1 ;
    %wait E_0x8ff700;
    %load/vec4 v0x910750_0;
    %flag_set/vec4 8;
    %jmp/0xz  T_1.0, 8;
    %pushi/vec4 0, 0, 4;
    %store/vec4 v0x9104c0_0, 0, 4;
    %jmp T_1.1;
T_1.0 ;
    %load/vec4 v0x910690_0;
    %pad/u 32;
    %cmpi/e 1, 0, 32;
    %jmp/0xz  T_1.2, 4;
    %load/vec4 v0x9104c0_0;
    %addi 1, 0, 4;
    %store/vec4 v0x9104c0_0, 0, 4;
    %load/vec4 v0x9104c0_0;
    %cmpi/e 15, 0, 4;
    %jmp/0xz  T_1.4, 4;
    %pushi/vec4 0, 0, 4;
    %store/vec4 v0x9104c0_0, 0, 4;
T_1.4 ;
    %jmp T_1.3;
T_1.2 ;
    %load/vec4 v0x910690_0;
    %pad/u 32;
    %cmpi/e 0, 0, 32;
    %jmp/0xz  T_1.6, 4;
    %load/vec4 v0x9104c0_0;
    %subi 1, 0, 4;
    %store/vec4 v0x9104c0_0, 0, 4;
    %load/vec4 v0x9104c0_0;
    %pad/u 32;
    %cmpi/e 0, 0, 32;
    %jmp/0xz  T_1.8, 4;
    %pushi/vec4 15, 0, 4;
    %store/vec4 v0x9104c0_0, 0, 4;
T_1.8 ;
T_1.6 ;
T_1.3 ;
T_1.1 ;
    %jmp T_1;
    .thread T_1, $push;
# The file index is used to find the file name in the following table.
:file_names 3;
    "N/A";
    "<interactive>";
    "counter_4.v";
